var token2 = eth.contract([
  {
    "constant": false,
    "inputs": [
      {
        "name": "receiver",
        "type": "address"
      },
      {
        "name": "amount",
        "type": "uint256"
      }
    ],
    "name": "sendCoin",
    "outputs": [
      {
        "name": "sufficient",
        "type": "bool"
      }
    ],
    "payable": false,
    "stateMutability": "nonpayable",
    "type": "function"
  },
  {
    "constant": true,
    "inputs": [
      {
        "name": "",
        "type": "address"
      }
    ],
    "name": "coinBalanceOf",
    "outputs": [
      {
        "name": "",
        "type": "uint256"
      }
    ],
    "payable": false,
    "stateMutability": "view",
    "type": "function"
  },
  {
    "inputs": [],
    "payable": false,
    "stateMutability": "nonpayable",
    "type": "constructor"
  },
  {
    "anonymous": false,
    "inputs": [
      {
        "indexed": false,
        "name": "sender",
        "type": "address"
      },
      {
        "indexed": false,
        "name": "receiver",
        "type": "address"
      },
      {
        "indexed": false,
        "name": "amount",
        "type": "uint256"
      }
    ],
    "name": "CoinTransfer",
    "type": "event"
  }
]).at("0x17d6e5de4ff1a00dfa0579621567bdfc19e5b7bb");

